<?xml version="1.0" encoding="UTF-8"?>
<!-- Generated by org.testng.reporters.JUnitReportReporter -->
<testsuite hostname="BeRaT-MacBook-Pro.local" failures="0" tests="1" name="com.example.tests.ReportingTest" time="5.239" errors="0" timestamp="2024-08-14T00:05:45 TRT" skipped="0">
  <testcase classname="com.example.tests.ReportingTest" name="testWithReport" time="5.239"/>
</testsuite> <!-- com.example.tests.ReportingTest -->
